<?xml version="1.0" encoding="UTF-8"?>
<!-- Generated by org.testng.reporters.JUnitReportReporter -->
<testsuite hostname="Venkateswaras-MacBook-Air.local" failures="0" tests="3" name="testcases.Login4jTest" time="36.311" errors="0" timestamp="2021-05-05T21:12:41 EDT" skipped="0">
  <testcase classname="testcases.Login4jTest" name="userIconTest" time="15.095"/>
  <system-out/>
  <testcase classname="testcases.Login4jTest" name="loginPageTitleTest" time="9.494"/>
  <system-out/>
  <testcase classname="testcases.Login4jTest" name="lockIconTest" time="11.722"/>
  <system-out/>
</testsuite> <!-- testcases.Login4jTest -->
