<?xml version="1.0" encoding="UTF-8"?>
<!-- Generated by org.testng.reporters.JUnitReportReporter -->
<testsuite hostname="Venkateswaras-MacBook-Air.local" failures="0" tests="3" name="testcases.Lgin4jTest" time="32.575" errors="0" timestamp="2021-05-05T21:06:43 EDT" skipped="0">
  <testcase classname="testcases.Lgin4jTest" name="loginPageTitleTest" time="12.725"/>
  <system-out/>
  <testcase classname="testcases.Lgin4jTest" name="lockIconTest" time="9.577"/>
  <system-out/>
  <testcase classname="testcases.Lgin4jTest" name="userIconTest" time="10.273"/>
  <system-out/>
</testsuite> <!-- testcases.Lgin4jTest -->
