<?xml version="1.0" encoding="UTF-8"?>
<!-- Generated by org.testng.reporters.JUnitReportReporter -->
<testsuite hostname="Venkateswaras-MacBook-Air.local" failures="0" tests="3" name="testcases.Log4jTest" time="32.565" errors="0" timestamp="2021-05-07T01:04:26 EDT" skipped="0">
  <testcase classname="testcases.Log4jTest" name="lockIconTest" time="11.172"/>
  <system-out/>
  <testcase classname="testcases.Log4jTest" name="userIconTest" time="8.977"/>
  <system-out/>
  <testcase classname="testcases.Log4jTest" name="loginPageTitleTest" time="12.416"/>
  <system-out/>
</testsuite> <!-- testcases.Log4jTest -->
